"../../../Engine/Content/Animation/DefaultAnimBoneCompressionSettings.uasset" 0
"../../../Engine/Content/Animation/DefaultAnimCurveCompressionSettings.uasset" 1
"../../../Engine/Content/EngineMaterials/T_Default_Material_Grid_N.uasset" 2
"../../../Engine/Content/EngineMaterials/T_Default_Material_Grid_M.uasset" 3
"../../../Engine/Content/Functions/Engine_MaterialFunctions01/Opacity/CameraDepthFade.uasset" 4
"../../../Engine/Content/EngineMaterials/WorldGridMaterial.uasset" 5
"../../../Engine/Content/ArtTools/RenderToTexture/Meshes/S_1_Unit_Plane.uasset" 6
"../../../Engine/Content/EngineMaterials/DefaultMaterial.uasset" 7
"../../../Engine/Content/BasicShapes/Cone.uasset" 8
"../../../Engine/Content/BasicShapes/Cube.uasset" 9
"../../../Engine/Content/BasicShapes/Plane.uasset" 10
"../../../Engine/Content/BasicShapes/Sphere.uasset" 11
"../../../Engine/Content/EngineMaterials/DefaultPhysicalMaterial.uasset" 12
"../../../Engine/Content/BufferVisualization/AmbientOcclusion.uasset" 13
"../../../Engine/Content/Functions/Engine_MaterialFunctions02/Utility/AppendMany.uasset" 14
"../../../Engine/Content/BufferVisualization/Anisotropy.uasset" 15
"../../../Engine/Content/BufferVisualization/BaseColor.uasset" 16
"../../../Engine/Content/BufferVisualization/CustomDepth.uasset" 17
"../../../Engine/Content/Functions/Engine_MaterialFunctions02/Utility/VectorLength.uasset" 18
"../../../Engine/Content/BufferVisualization/CustomDepthWorldUnits.uasset" 19
"../../../Engine/Content/Functions/Engine_MaterialFunctions02/Utility/BreakOutFloat2Components.uasset" 20
"../../../Engine/Content/Functions/Engine_MaterialFunctions01/Texturing/ScaleUVsByCenter.uasset" 21
"../../../Engine/Content/EngineMaterials/MiniFont.uasset" 22
"../../../Engine/Content/Functions/Engine_MaterialFunctions02/Utility/MakeFloat3.uasset" 23
"../../../Engine/Content/Functions/Engine_MaterialFunctions02/Utility/MakeFloat2.uasset" 24
"../../../Engine/Content/Functions/Engine_MaterialFunctions02/ScreenResolution.uasset" 25
"../../../Engine/Content/Functions/Engine_MaterialFunctions02/Texturing/ScreenAlignedUVs.uasset" 26
"../../../Engine/Content/BufferVisualization/CustomStencil.uasset" 27
"../../../Engine/Content/BufferVisualization/FinalImage.uasset" 28
"../../../Engine/Content/BufferVisualization/LightingModel.uasset" 29
"../../../Engine/Content/BufferVisualization/MaterialAO.uasset" 30
"../../../Engine/Content/BufferVisualization/Metallic.uasset" 31
"../../../Engine/Content/BufferVisualization/Opacity.uasset" 32
"../../../Engine/Content/BufferVisualization/PostTonemapHDRColor.uasset" 33
"../../../Engine/Content/BufferVisualization/PreTonemapHDRColor.uasset" 34
"../../../Engine/Content/BufferVisualization/Roughness.uasset" 35
"../../../Engine/Content/BufferVisualization/SceneColor.uasset" 36
"../../../Engine/Content/BufferVisualization/SceneDepth.uasset" 37
"../../../Engine/Content/BufferVisualization/SceneDepthWorldUnits.uasset" 38
"../../../Engine/Content/BufferVisualization/SeparateTranslucencyA.uasset" 39
"../../../Engine/Content/BufferVisualization/SeparateTranslucencyRGB.uasset" 40
"../../../Engine/Content/BufferVisualization/Specular.uasset" 41
"../../../Engine/Content/BufferVisualization/SubsurfaceColor.uasset" 42
"../../../Engine/Content/BufferVisualization/Velocity.uasset" 43
"../../../Engine/Content/BufferVisualization/WorldNormal.uasset" 44
"../../../Engine/Content/BufferVisualization/WorldTangent.uasset" 45
"../../../Engine/Content/EditorLandscapeResources/DataLayer.uasset" 46
"../../../Engine/Content/EditorLandscapeResources/DefaultAlphaTexture.uasset" 47
"../../../Engine/Content/EditorLandscapeResources/LandscapeGizmoHeight_Mat.uasset" 48
"../../../Engine/Content/EditorLandscapeResources/LandscapeGizmo_Mat.uasset" 49
"../../../Engine/Content/EditorLandscapeResources/LandscapeGizmo_Mat_Copied.uasset" 50
"../../../Engine/Content/EditorLandscapeResources/SplineEditorMeshMat.uasset" 51
"../../../Engine/Content/EditorLandscapeResources/SplineEditorMesh.uasset" 52
"../../../Engine/Content/EditorMaterials/Cross.uasset" 53
"../../../Engine/Content/EditorMaterials/Cross_Mat.uasset" 54
"../../../Engine/Content/EditorResources/T_EditorHelp.uasset" 55
"../../../Engine/Content/Functions/Engine_MaterialFunctions02/ExampleContent/Textures/DebugNumberPeriod.uasset" 56
"../../../Engine/Content/Functions/Engine_MaterialFunctions02/ExampleContent/DebugNumberStrip.uasset" 57
"../../../Engine/Content/EngineMaterials/DefaultDiffuse.uasset" 58
"../../../Engine/Content/Functions/Engine_MaterialFunctions01/Texturing/TextureCropping.uasset" 59
"../../../Engine/Content/Functions/Engine_MaterialFunctions01/Texturing/ComputeMipLevel.uasset" 60
"../../../Engine/Content/Functions/Engine_MaterialFunctions02/Utility/DebugScalarValues.uasset" 61
"../../../Engine/Content/Functions/Engine_MaterialFunctions02/Utility/DebugFloat2Values.uasset" 62
"../../../Engine/Content/Functions/Engine_MaterialFunctions02/ExampleContent/Textures/flipbook.uasset" 63
"../../../Engine/Content/Functions/Engine_MaterialFunctions02/Texturing/FlipBook.uasset" 64
"../../../Engine/Content/Functions/Engine_MaterialFunctions02/Utility/Sign.uasset" 65
"../../../Engine/Content/Functions/Engine_MaterialFunctions02/Utility/Round.uasset" 66
"../../../Engine/Content/EditorMaterials/HelpActorMaterial.uasset" 67
"../../../Engine/Content/Functions/Engine_MaterialFunctions03/Procedurals/ComputeFilterWidth.uasset" 68
"../../../Engine/Content/EngineMaterials/BlendFunc_DefBlend.uasset" 69
"../../../Engine/Content/EngineMaterials/BlendFunc_DefBase.uasset" 70
"../../../Engine/Content/Functions/Engine_MaterialFunctions03/Blends/Blend_Screen.uasset" 71
"../../../Engine/Content/EditorMaterials/TilingAALineIntegral.uasset" 72
"../../../Engine/Content/EditorMaterials/TilingAALineBoxFiltered.uasset" 73
"../../../Engine/Content/EditorMaterials/TilingAAGrid.uasset" 74
"../../../Engine/Content/EditorMaterials/TilingAADots.uasset" 75
"../../../Engine/Content/EditorMaterials/CompositeARGBLayer.uasset" 76
"../../../Engine/Content/EditorMaterials/LevelGridMaterial.uasset" 77
"../../../Engine/Content/EditorResources/LevelGrid1DStripes.uasset" 78
"../../../Engine/Content/EditorMaterials/TextureGridCascaded1D.uasset" 79
"../../../Engine/Content/EditorMaterials/TextureGridCascaded2D.uasset" 80
"../../../Engine/Content/EditorMaterials/MakeCompositeARGBLayer.uasset" 81
"../../../Engine/Content/EditorMaterials/LevelGridMaterial2.uasset" 82
"../../../Engine/Content/EditorMaterials/MAT_Groups_Toggle.uasset" 83
"../../../Engine/Content/EditorMaterials/MAT_Groups_Visibility.uasset" 84
"../../../Engine/Content/EditorMaterials/PhAT_BoneSelectedMaterial.uasset" 85
"../../../Engine/Content/EditorMaterials/PhAT_ElemSelectedMaterial.uasset" 86
"../../../Engine/Content/EditorMaterials/PhAT_NoCollisionMaterial.uasset" 87
"../../../Engine/Content/EditorMaterials/PhAT_UnselectedMaterial.uasset" 88
"../../../Engine/Content/EditorMaterials/PreviewShadowIndicator.uasset" 89
"../../../Engine/Content/EditorMaterials/PreviewShadowIndicatorMaterial.uasset" 90
"../../../Engine/Content/EditorMaterials/TargetIcon.uasset" 91
"../../../Engine/Content/EditorMaterials/Tick.uasset" 92
"../../../Engine/Content/EditorMaterials/Tick_Mat.uasset" 93
"../../../Engine/Content/EditorMaterials/WidgetGridVertexColorMaterial.uasset" 94
"../../../Engine/Content/EditorMaterials/WidgetGridVertexColorMaterial_Ma.uasset" 95
"../../../Engine/Content/EditorMaterials/WidgetMaterial.uasset" 96
"../../../Engine/Content/EditorMaterials/WidgetMaterial_Current.uasset" 97
"../../../Engine/Content/EditorMaterials/WidgetMaterial_X.uasset" 98
"../../../Engine/Content/EditorMaterials/WidgetMaterial_Y.uasset" 99
"../../../Engine/Content/EditorMaterials/WidgetMaterial_Z.uasset" 100
"../../../Engine/Content/EditorMaterials/WidgetVertexColorMaterial.uasset" 101
"../../../Engine/Content/EditorMaterials/AssetViewer/EpicQuadPanorama_CC+EV1.uasset" 102
"../../../Engine/Content/MapTemplates/Sky/SunsetAmbientCubemap.uasset" 103
"../../../Engine/Content/EditorMaterials/AssetViewer/M_SkyBox.uasset" 104
"../../../Engine/Content/EditorMaterials/MatineeGroups/MAT_ColorTrack.uasset" 105
"../../../Engine/Content/EditorMaterials/MatineeGroups/MAT_Groups_Anim.uasset" 106
"../../../Engine/Content/EditorMaterials/MatineeGroups/MAT_Groups_AudioMaster.uasset" 107
"../../../Engine/Content/EditorMaterials/MatineeGroups/MAT_Groups_Director.uasset" 108
"../../../Engine/Content/EditorMaterials/MatineeGroups/MAT_Groups_Event.uasset" 109
"../../../Engine/Content/EditorMaterials/MatineeGroups/MAT_Groups_Fade.uasset" 110
"../../../Engine/Content/EditorMaterials/MatineeGroups/MAT_Groups_Float.uasset" 111
"../../../Engine/Content/EditorMaterials/MatineeGroups/MAT_Groups_Move.uasset" 112
"../../../Engine/Content/EditorMaterials/MatineeGroups/MAT_Groups_Slomo.uasset" 113
"../../../Engine/Content/EditorMaterials/MatineeGroups/MAT_Groups_Sound.uasset" 114
"../../../Engine/Content/EditorMaterials/MatineeGroups/MAT_Groups_Vector.uasset" 115
"../../../Engine/Content/EditorMaterials/ParticleSystems/PSysThumbnail_NoImage.uasset" 116
"../../../Engine/Content/EditorMaterials/ParticleSystems/PSysThumbnail_OOD.uasset" 117
"../../../Engine/Content/EngineMaterials/Grid.uasset" 118
"../../../Engine/Content/EditorMaterials/Thumbnails/FloorPlaneMaterial.uasset" 119
"../../../Engine/Content/EditorMeshes/EditorCube.uasset" 120
"../../../Engine/Content/EditorMeshes/EditorCylinder.uasset" 121
"../../../Engine/Content/EditorMeshes/EditorPlane.uasset" 122
"../../../Engine/Content/EditorMaterials/Thumbnails/SkySphereMaterial.uasset" 123
"../../../Engine/Content/EditorMeshes/EditorSkySphere.uasset" 124
"../../../Engine/Content/EditorMeshes/EditorSphere.uasset" 125
"../../../Engine/Content/EditorResources/MatineeCam_D.uasset" 126
"../../../Engine/Content/EditorMaterials/MatineeCam_mat.uasset" 127
"../../../Engine/Content/EditorMeshes/MatineeCam_SM.uasset" 128
"../../../Engine/Content/EditorMeshes/PlanarReflectionPlane.uasset" 129
"../../../Engine/Content/Functions/Engine_MaterialFunctions01/Shading/ConvertFromDiffSpec.uasset" 130
"../../../Engine/Content/EditorMaterials/GridMaterial.uasset" 131
"../../../Engine/Content/EditorMeshes/AssetViewer/Floor_Mesh.uasset" 132
"../../../Engine/Content/EditorMeshes/AssetViewer/Sphere_inversenormals.uasset" 133
"../../../Engine/Content/EngineDebugMaterials/M_SimpleOpaque.uasset" 134
"../../../Engine/Content/EditorMaterials/Camera/MI_CineMat_CamViewFinder.uasset" 135
"../../../Engine/Content/EditorMaterials/Camera/CineMat.uasset" 136
"../../../Engine/Content/EditorMaterials/Camera/MI_CineMat_CameraBody.uasset" 137
"../../../Engine/Content/EditorMeshes/Camera/SM_CineCam.uasset" 138
"../../../Engine/Content/EditorMaterials/Camera/MI_CineMat_Rig.uasset" 139
"../../../Engine/Content/EditorMeshes/Camera/SM_CraneRig_Arm.uasset" 140
"../../../Engine/Content/EditorMeshes/Camera/SM_CraneRig_Base.uasset" 141
"../../../Engine/Content/EditorMeshes/Camera/SM_CraneRig_Body.uasset" 142
"../../../Engine/Content/EditorMeshes/Camera/SM_CraneRig_Mount.uasset" 143
"../../../Engine/Content/EditorMeshes/Camera/SM_RailRig_Mount.uasset" 144
"../../../Engine/Content/EditorMeshes/Camera/SM_RailRig_Track.uasset" 145
"../../../Engine/Content/EditorMeshes/ColorCalibrator/M_ChromeBall.uasset" 146
"../../../Engine/Content/EditorResources/Bad.uasset" 147
"../../../Engine/Content/EditorResources/BSPVertex.uasset" 148
"../../../Engine/Content/EditorResources/EmptyActor.uasset" 149
"../../../Engine/Content/EditorResources/MatInstActSprite.uasset" 150
"../../../Engine/Content/EditorResources/SceneManager.uasset" 151
"../../../Engine/Content/EditorResources/SimplygonLogo.uasset" 152
"../../../Engine/Content/EditorResources/SmallFont.uasset" 153
"../../../Engine/Content/EditorResources/S_Actor.uasset" 154
"../../../Engine/Content/EditorResources/S_CameraShakeSource.uasset" 155
"../../../Engine/Content/EditorResources/S_DecalActorIcon.uasset" 156
"../../../Engine/Content/EditorResources/S_Emitter.uasset" 157
"../../../Engine/Content/EditorResources/S_ExpoHeightFog.uasset" 158
"../../../Engine/Content/EditorResources/S_FTest.uasset" 159
"../../../Engine/Content/EditorResources/S_KBSJoint.uasset" 160
"../../../Engine/Content/EditorResources/S_KHinge.uasset" 161
"../../../Engine/Content/EditorResources/S_KPrismatic.uasset" 162
"../../../Engine/Content/EditorResources/S_LevelSequence.uasset" 163
"../../../Engine/Content/EditorResources/S_NavP.uasset" 164
"../../../Engine/Content/EditorResources/S_Note.uasset" 165
"../../../Engine/Content/EditorResources/S_Player.uasset" 166
"../../../Engine/Content/EditorResources/S_PortalActorIcon2.uasset" 167
"../../../Engine/Content/EditorResources/S_RadForce.uasset" 168
"../../../Engine/Content/EditorResources/S_ReflActorIcon.uasset" 169
"../../../Engine/Content/EditorResources/S_SkyAtmosphere.uasset" 170
"../../../Engine/Content/EditorResources/S_Solver.uasset" 171
"../../../Engine/Content/EditorResources/S_Terrain.uasset" 172
"../../../Engine/Content/EditorResources/S_TextRenderActorIcon.uasset" 173
"../../../Engine/Content/EditorResources/S_Thruster.uasset" 174
"../../../Engine/Content/EditorResources/S_Trigger.uasset" 175
"../../../Engine/Content/EditorResources/S_VectorFieldVol.uasset" 176
"../../../Engine/Content/EditorResources/S_VolumetricCloud.uasset" 177
"../../../Engine/Content/EditorResources/S_WindDirectional.uasset" 178
"../../../Engine/Content/EditorResources/AI/S_NavLink.uasset" 179
"../../../Engine/Content/EditorResources/LightIcons/SkyLight.uasset" 180
"../../../Engine/Content/EditorResources/LightIcons/S_LightDirectional.uasset" 181
"../../../Engine/Content/EditorResources/LightIcons/S_LightDirectionalMove.uasset" 182
"../../../Engine/Content/EditorResources/LightIcons/S_LightError.uasset" 183
"../../../Engine/Content/EditorResources/LightIcons/S_LightPoint.uasset" 184
"../../../Engine/Content/EditorResources/LightIcons/S_LightPointMove.uasset" 185
"../../../Engine/Content/EditorResources/LightIcons/S_LightSpot.uasset" 186
"../../../Engine/Content/EditorResources/LightIcons/S_LightSpotMove.uasset" 187
"../../../Engine/Content/EditorResources/SequenceRecorder/Countdown.uasset" 188
"../../../Engine/Content/EditorResources/SequenceRecorder/RecordingIndicator.uasset" 189
"../../../Engine/Content/EditorResources/Spline/T_Loft_Spline.uasset" 190
"../../../Engine/Content/EditorSounds/Notifications/CompileSuccess.uasset" 191
"../../../Engine/Content/EditorSounds/Notifications/CompileStart_Cue.uasset" 192
"../../../Engine/Content/EngineDamageTypes/DmgTypeBP_Environmental.uasset" 193
"../../../Engine/Content/EngineDebugMaterials/HeatmapGradient.uasset" 194
"../../../Engine/Content/EngineDebugMaterials/BoneWeightMaterial.uasset" 195
"../../../Engine/Content/EngineDebugMaterials/ClothMaterial.uasset" 196
"../../../Engine/Content/EngineDebugMaterials/ClothMaterial_WF.uasset" 197
"../../../Engine/Content/EngineDebugMaterials/DebugEditorMaterial.uasset" 198
"../../../Engine/Content/EngineDebugMaterials/DebugMeshMaterial.uasset" 199
"../../../Engine/Content/EngineDebugMaterials/GeomMaterial.uasset" 200
"../../../Engine/Content/EngineDebugMaterials/LevelColorationLitMaterial.uasset" 201
"../../../Engine/Content/EngineDebugMaterials/LevelColorationUnlitMaterial.uasset" 202
"../../../Engine/Content/EngineMaterials/DefaultWhiteGrid.uasset" 203
"../../../Engine/Content/EngineDebugMaterials/MAT_LevelColorationLitLightmapUV.uasset" 204
"../../../Engine/Content/EngineDebugMaterials/M_SimpleUnlitTranslucent.uasset" 205
"../../../Engine/Content/EngineDebugMaterials/VolumeToRender.uasset" 206
"../../../Engine/Content/Functions/Engine_MaterialFunctions02/Utility/CameraDirectionVector.uasset" 207
"../../../Engine/Content/EngineDebugMaterials/M_VolumeRenderSphereTracePP.uasset" 208
"../../../Engine/Content/EngineMaterials/DefaultWhiteGrid_Low.uasset" 209
"../../../Engine/Content/EngineDebugMaterials/PhysicalMaterialMaskMaterial.uasset" 210
"../../../Engine/Content/EngineDebugMaterials/ShadedLevelColorationLitMaterial.uasset" 211
"../../../Engine/Content/EngineDebugMaterials/ShadedLevelColorationUnlitMateri.uasset" 212
"../../../Engine/Content/EngineDebugMaterials/VertexColorMaterial.uasset" 213
"../../../Engine/Content/EngineDebugMaterials/VertexColorViewMode_AlphaAsColor.uasset" 214
"../../../Engine/Content/EngineDebugMaterials/VertexColorViewMode_BlueOnly.uasset" 215
"../../../Engine/Content/EngineDebugMaterials/VertexColorViewMode_ColorOnly.uasset" 216
"../../../Engine/Content/EngineDebugMaterials/VertexColorViewMode_GreenOnly.uasset" 217
"../../../Engine/Content/EngineDebugMaterials/VertexColorViewMode_RedOnly.uasset" 218
"../../../Engine/Content/EngineDebugMaterials/WireframeMaterial.uasset" 219
"../../../Engine/Content/EngineFonts/Faces/RobotoRegular.uasset" 220
"../../../Engine/Content/EngineFonts/Faces/RobotoLight.uasset" 221
"../../../Engine/Content/EngineFonts/Faces/RobotoItalic.uasset" 222
"../../../Engine/Content/EngineFonts/Faces/RobotoBoldItalic.uasset" 223
"../../../Engine/Content/EngineFonts/Faces/RobotoBold.uasset" 224
"../../../Engine/Content/EngineFonts/Faces/DroidSansFallback.uasset" 225
"../../../Engine/Content/EngineFonts/Roboto.uasset" 226
"../../../Engine/Content/EngineFonts/Faces/RobotoTiny.uasset" 227
"../../../Engine/Content/EngineFonts/RobotoTiny.uasset" 228
"../../../Engine/Content/EngineFonts/SmallFont.uasset" 229
"../../../Engine/Content/EngineFonts/TinyFont.uasset" 230
"../../../Engine/Content/EngineMaterials/BaseFlattenNormalMap.uasset" 231
"../../../Engine/Content/EngineMaterials/BaseFlattenGrayscaleMap.uasset" 232
"../../../Engine/Content/EngineMaterials/BaseFlattenEmissiveMap.uasset" 233
"../../../Engine/Content/EngineMaterials/BaseFlattenDiffuseMap.uasset" 234
"../../../Engine/Content/EngineMaterials/BaseFlattenMaterial.uasset" 235
"../../../Engine/Content/EngineResources/WhiteSquareTexture.uasset" 236
"../../../Engine/Content/EngineMaterials/BlinkingCaret.uasset" 237
"../../../Engine/Content/EngineMaterials/BlueNoise.uasset" 238
"../../../Engine/Content/EngineMaterials/DefaultCubemap.uasset" 239
"../../../Engine/Content/EngineMaterials/CubeMaterial.uasset" 240
"../../../Engine/Content/EngineMaterials/DefaultBloomKernel.uasset" 241
"../../../Engine/Content/EngineMaterials/DefaultBokeh.uasset" 242
"../../../Engine/Content/EngineMaterials/DefaultDeferredDecalMaterial.uasset" 243
"../../../Engine/Content/EngineMaterials/DefaultLightFunctionMaterial.uasset" 244
"../../../Engine/Content/EngineMaterials/DefaultNormal.uasset" 245
"../../../Engine/Content/EngineMaterials/DefaultPostProcessMaterial.uasset" 246
"../../../Engine/Content/EngineFonts/RobotoDistanceField.uasset" 247
"../../../Engine/Content/EngineMaterials/DefaultTextMaterialOpaque.uasset" 248
"../../../Engine/Content/EngineMaterials/EditorBrushMaterial.uasset" 249
"../../../Engine/Content/EngineMaterials/EmissiveMeshMaterial.uasset" 250
"../../../Engine/Content/EngineMaterials/GizmoMaterial.uasset" 251
"../../../Engine/Content/EngineMaterials/Good64x64TilingNoiseHighFreq.uasset" 252
"../../../Engine/Content/EngineMaterials/Grid_N.uasset" 253
"../../../Engine/Content/EngineMaterials/HighResolutionScreenshotMaskFunction.uasset" 254
"../../../Engine/Content/EngineMaterials/HighResScreenshot.uasset" 255
"../../../Engine/Content/EngineMaterials/HighResScreenshotCaptureRegion.uasset" 256
"../../../Engine/Content/EngineMaterials/HighResScreenshotMask.uasset" 257
"../../../Engine/Content/EngineMaterials/LandscapeHolePhysicalMaterial.uasset" 258
"../../../Engine/Content/EngineMaterials/InvalidLightmapSettings.uasset" 259
"../../../Engine/Content/EngineMaterials/M_InvalidLightmapSettings.uasset" 260
"../../../Engine/Content/EngineMaterials/PaperDiffuse.uasset" 261
"../../../Engine/Content/EngineMaterials/PaperNormal.uasset" 262
"../../../Engine/Content/Functions/Engine_MaterialFunctions02/WorldPositionOffset/CameraOffset.uasset" 263
"../../../Engine/Content/EngineMaterials/PhAT_JointLimitMaterial.uasset" 264
"../../../Engine/Content/EngineMaterials/PhysMat_Rubber.uasset" 265
"../../../Engine/Content/EngineMaterials/PreintegratedSkinBRDF.uasset" 266
"../../../Engine/Content/EngineMaterials/RemoveSurfaceMaterial.uasset" 267
"../../../Engine/Content/Functions/Engine_MaterialFunctions01/ImageAdjustment/sRGBToLinear.uasset" 268
"../../../Engine/Content/Functions/Engine_MaterialFunctions02/Utility/BreakOutFloat3Components.uasset" 269
"../../../Engine/Content/EngineMaterials/Widget3DCameraPassThrough_Opaque_OneSided.uasset" 270
"../../../Engine/Content/EngineMaterials/Widget3DPassThrough.uasset" 271
"../../../Engine/Content/EngineMaterials/Widget3DPassThrough_Masked.uasset" 272
"../../../Engine/Content/EngineMaterials/Widget3DPassThrough_Opaque.uasset" 273
"../../../Engine/Content/EngineMaterials/Widget3DPassThrough_Masked_OneSided.uasset" 274
"../../../Engine/Content/EngineMaterials/Widget3DPassThrough_Opaque_OneSided.uasset" 275
"../../../Engine/Content/EngineMaterials/Widget3DPassThrough_Translucent.uasset" 276
"../../../Engine/Content/EngineMaterials/Widget3DPassThrough_Translucent_OneSided.uasset" 277
"../../../Engine/Content/EngineMeshes/Cube.uasset" 278
"../../../Engine/Content/EngineMeshes/Cylinder.uasset" 279
"../../../Engine/Content/EngineMeshes/Sphere.uasset" 280
"../../../Engine/Content/EngineResources/Black.uasset" 281
"../../../Engine/Content/EngineResources/DefaultTextureCube.uasset" 282
"../../../Engine/Content/EngineResources/DefaultVolumeTexture2D.uasset" 283
"../../../Engine/Content/EngineResources/DefaultVolumeTexture.uasset" 284
"../../../Engine/Content/EngineResources/GradientTexture0.uasset" 285
"../../../Engine/Content/EngineResources/StreamingPauseIcon.uasset" 286
"../../../Engine/Content/EngineResources/M_StreamingPause.uasset" 287
"../../../Engine/Content/EngineSky/VolumetricClouds/T_NoiseShape64.uasset" 288
"../../../Engine/Content/EngineSky/VolumetricClouds/T_VolumeNoiseShape64.uasset" 289
"../../../Engine/Content/EngineSky/VolumetricClouds/T_NoiseErosion.uasset" 290
"../../../Engine/Content/EngineSky/VolumetricClouds/T_VolumeNoiseErosion32.uasset" 291
"../../../Engine/Content/EngineSky/VolumetricClouds/CloudWeatherTexture.uasset" 292
"../../../Engine/Content/EngineSky/VolumetricClouds/CloudGradientTexture.uasset" 293
"../../../Engine/Content/EngineSky/VolumetricClouds/m_SimpleVolumetricCloud.uasset" 294
"../../../Engine/Content/EngineSky/VolumetricClouds/m_SimpleVolumetricCloud_Inst.uasset" 295
"../../../Engine/Content/EngineSounds/Master.uasset" 296
"../../../Engine/Content/Functions/Engine_MaterialFunctions01/Shading/PowerToRoughness.uasset" 297
"../../../Engine/Content/Maps/Templates/Thumbnails/Default.uasset" 298
"../../../Engine/Content/Maps/Templates/Thumbnails/TimeOfDay.uasset" 299
"../../../Engine/Content/Maps/Templates/Thumbnails/VR-Basic.uasset" 300
"../../../Engine/Content/MapTemplates/Sky/DaylightAmbientCubemap.uasset" 301
"../../../Engine/Content/MobileResources/T_MobileControls_texture.uasset" 302
"../../../Engine/Content/MobileResources/T_MobileMenu2.uasset" 303
"../../../Engine/Content/MobileResources/HUD/AnalogHat.uasset" 304
"../../../Engine/Content/MobileResources/HUD/VirtualJoystick_Thumb.uasset" 305
"../../../Engine/Content/MobileResources/HUD/VirtualJoystick_Background.uasset" 306
"../../../Engine/Content/MobileResources/HUD/DefaultVirtualJoysticks.uasset" 307
"../../../Engine/Content/MobileResources/HUD/LeftVirtualJoystickOnly.uasset" 308
"../../../Engine/Content/MobileResources/HUD/MobileHUDButton1_off.uasset" 309
"../../../Engine/Content/MobileResources/HUD/MobileHUDButton1_on.uasset" 310
"../../../Engine/Content/MobileResources/HUD/MobileHUDButton2_off.uasset" 311
"../../../Engine/Content/MobileResources/HUD/MobileHUDButton2_on.uasset" 312
"../../../Engine/Content/MobileResources/HUD/MobileHUDButton3.uasset" 313
"../../../Engine/Content/MobileResources/HUD/MobileHUDButtonFire.uasset" 314
"../../../Engine/Content/MobileResources/HUD/MobileHUDDirectionPad.uasset" 315
"../../../Engine/Content/MobileResources/HUD/MobileHUDDirectionPad2.uasset" 316
"../../../Engine/Content/MobileResources/HUD/MobileHUDDirectionPad3.uasset" 317
"../../../Engine/Content/MobileResources/HUD/MobileHUDDirectionStick.uasset" 318
"../../../Engine/Content/MobileResources/HUD/T_Castle_ThumbstickInner.uasset" 319
"../../../Engine/Content/MobileResources/HUD/T_Castle_ThumbstickOutter.uasset" 320
"../../../Engine/Content/Tutorial/ContentIntroCurve.uasset" 321
"../../../Engine/Content/Tutorial/Basics/LevelEditorAttract.uasset" 322
"../../../Engine/Content/Tutorial/Basics/TutorialAssets/icon_tab_Levels_40x.uasset" 323
"../../../Engine/Content/Tutorial/Basics/LevelEditorOverview.uasset" 324
"../../../Engine/Content/Tutorial/Landscape/TutorialAssets/Landscape.uasset" 325
"../../../Engine/Content/Tutorial/Landscape/LandscapeWalkThrough.uasset" 326
"../../../Engine/Content/Tutorial/Landscape/Landscape_Manage_Mode.uasset" 327
"../../../Engine/Content/EditorBlueprintResources/StandardMacros.uasset" 328
"../../../Engine/Content/Tutorial/Landscape/Landscape_Painting_Mode.uasset" 329
"../../../Engine/Content/Tutorial/Landscape/Landscape_Sculpt_Mode.uasset" 330
"../../../Engine/Content/Tutorial/SubEditors/MaterialEditorTutorial.uasset" 331
"../../../Engine/Content/Tutorial/SubEditors/StaticMeshEditorTutorial.uasset" 332
"../../../Engine/Content/Tutorial/SubEditors/TutorialAssets/TutorialMaterial.uasset" 333
"../../../Engine/Content/VREditor/TransformGizmo/TranslucentTransformGizmoMaterial.uasset" 334
"../../../Engine/Content/VREditor/LaserPointer/VR_LaserPower_01.uasset" 335
"../../../Engine/Content/VREditor/TransformGizmo/TransformGizmoMaterial.uasset" 336
"../../../Engine/Content/VREditor/TransformGizmo/BoundingBoxCorner.uasset" 337
"../../../Engine/Content/VREditor/TransformGizmo/BoundingBoxEdge.uasset" 338
"../../../Engine/Content/VREditor/TransformGizmo/PlaneTranslationHandle.uasset" 339
"../../../Engine/Content/VREditor/TransformGizmo/Xray.uasset" 340
"../../../Engine/Content/VREditor/TransformGizmo/Main.uasset" 341
"../../../Engine/Content/VREditor/TransformGizmo/SM_Sequencer_Key.uasset" 342
"../../../Engine/Content/VREditor/TransformGizmo/SM_Sequencer_Node.uasset" 343
"../../../../GitHub/EpicMegaGameJam22/Content/StarterContent/Materials/M_Basic_Wall.uasset" 344
"../../../../GitHub/EpicMegaGameJam22/Content/StarterContent/Shapes/Shape_NarrowCapsule.uasset" 345
"../../Plugins/2D/Paper2D/Content/PlaceholderTextures/DummySpriteTexture.uasset" 346
"../../Plugins/2D/Paper2D/Content/DummySprite.uasset" 347
"../../Plugins/2D/Paper2D/Content/DefaultPaperTerrainMaterial.uasset" 348
"../../Plugins/2D/Paper2D/Content/DefaultSpriteMaterial.uasset" 349
"../../Plugins/2D/Paper2D/Content/MaskedUnlitSpriteMaterial.uasset" 350
"../../Plugins/2D/Paper2D/Content/OpaqueUnlitSpriteMaterial.uasset" 351
"../../Plugins/Editor/SpeedTreeImporter/Content/SpeedTree9/UnpackInteger3.uasset" 352
"../../Plugins/Editor/SpeedTreeImporter/Content/SpeedTree9/UnpackDirection.uasset" 353
"../../Plugins/Editor/SpeedTreeImporter/Content/SpeedTree9/game_wind_noise.uasset" 354
"../../../Engine/Content/Functions/Engine_MaterialFunctions02/SafeNormalize.uasset" 355
"../../Plugins/Editor/SpeedTreeImporter/Content/SpeedTree9/SpeedTreeWindMotion.uasset" 356
"../../Plugins/Editor/SpeedTreeImporter/Content/SpeedTree9/SpeedTreeBranchMotion.uasset" 357
"../../../Engine/Content/Functions/Engine_MaterialFunctions02/ObjectLocalBounds.uasset" 358
"../../../Engine/Content/Functions/Engine_MaterialFunctions02/UVs/BoundingBoxBased_0-1_UVW.uasset" 359
"../../Plugins/Editor/SpeedTreeImporter/Content/SpeedTree9/SpeedTreeWind.uasset" 360
"../../Plugins/Editor/SpeedTreeImporter/Content/SpeedTree9/SpeedTreeBillboard.uasset" 361
"../../../Engine/Content/EngineResources/DefaultTexture.uasset" 362
"../../Plugins/Editor/SpeedTreeImporter/Content/SpeedTree9/SpeedTreeBillboardMaster.uasset" 363
"../../Plugins/Editor/SpeedTreeImporter/Content/SpeedTree9/SpeedTreeCameraFacing.uasset" 364
"../../Plugins/Editor/SpeedTreeImporter/Content/SpeedTree9/SpeedTreeMaster.uasset" 365
"../../Plugins/FX/Niagara/Content/Enums/ENiagaraCoordinateSpace.uasset" 366
"../../Plugins/FX/Niagara/Content/Enums/ENiagaraOrientationAxis.uasset" 367
"../../Plugins/FX/Niagara/Content/Enums/ENiagaraRandomnessMode.uasset" 368
"../../Plugins/FX/Niagara/Content/Icons/S_ParticleSystem.uasset" 369
"../../../Engine/Content/BasicShapes/Cylinder.uasset" 370
"../../../Engine/Content/ArtTools/RenderToTexture/Materials/Debug/M_Emissive_Color.uasset" 371
"../../Plugins/Lumin/MagicLeapPassableWorld/Content/MagicLeapARPinInfoActor.uasset" 372
"../../../Engine/Content/Functions/Engine_MaterialFunctions02/Utility/BreakOutFloat4Components.uasset" 373
"../../Plugins/Runtime/Oculus/OculusVR/Content/Materials/OculusMR_ChromaKey.uasset" 374
"../../Plugins/Runtime/Oculus/OculusVR/Content/Materials/OculusMR_OpaqueColoredMaterial.uasset" 375
"../../Plugins/Runtime/Oculus/OculusVR/Content/Materials/PokeAHoleMaterial.uasset" 376
"../../../Engine/Content/Maps/Entry_BuiltData.uasset" 377
"../../../Engine/Content/Maps/Entry.umap" 378
"../../../../GitHub/EpicMegaGameJam22/Content/PuzzleBP/Blueprints/PuzzlePlayerController.uasset" 379
"../../../../GitHub/EpicMegaGameJam22/Content/PuzzleBP/Blueprints/PuzzleBlockGrid.uasset" 380
"../../../../GitHub/EpicMegaGameJam22/Content/Puzzle/Meshes/PuzzleCube.uasset" 381
"../../../../GitHub/EpicMegaGameJam22/Content/Puzzle/Meshes/BaseMaterial.uasset" 382
"../../../../GitHub/EpicMegaGameJam22/Content/Puzzle/Meshes/OrangeMaterial.uasset" 383
"../../../../GitHub/EpicMegaGameJam22/Content/Puzzle/Meshes/BlueMaterial.uasset" 384
"../../../../GitHub/EpicMegaGameJam22/Content/PuzzleBP/Blueprints/PuzzleBlock.uasset" 385
"../../../../GitHub/EpicMegaGameJam22/Content/PuzzleBP/Blueprints/PuzzlePlayerCharacter.uasset" 386
"../../../../GitHub/EpicMegaGameJam22/Content/PuzzleBP/Blueprints/PuzzleGameMode.uasset" 387
"../../../../GitHub/EpicMegaGameJam22/Content/Geometry/Meshes/CubeMaterial.uasset" 388
"../../../../GitHub/EpicMegaGameJam22/Content/Geometry/Meshes/1M_Cube.uasset" 389
"../../../../GitHub/EpicMegaGameJam22/Content/PuzzleBP/Maps/PuzzleExampleMap_BuiltData.uasset" 390
"../../../../GitHub/EpicMegaGameJam22/Content/AI/Human/Team1HumanBT.uasset" 391
"../../../../GitHub/EpicMegaGameJam22/Content/AI/Human/Team1HumanController.uasset" 392
"../../../../GitHub/EpicMegaGameJam22/Content/AI/StatusHP.uasset" 393
"../../../Engine/Content/Tutorial/SubEditors/TutorialAssets/Character/TutorialTPP_PhysicsAsset.uasset" 394
"../../../Engine/Content/Tutorial/SubEditors/TutorialAssets/Character/TutorialTPP_Mat.uasset" 395
"../../../Engine/Content/Tutorial/SubEditors/TutorialAssets/Character/TutorialTPP_Skeleton.uasset" 396
"../../../Engine/Content/Tutorial/SubEditors/TutorialAssets/Character/TutorialTPP.uasset" 397
"../../../../GitHub/EpicMegaGameJam22/Content/AI/Human/Team1Human.uasset" 398
"../../../../GitHub/EpicMegaGameJam22/Content/AI/Team1HumanSpawn.uasset" 399
"../../../Engine/Content/EngineSky/T_Sky_Stars.uasset" 400
"../../../Engine/Content/EngineSky/T_Sky_Clouds_M.uasset" 401
"../../../Engine/Content/EngineSky/T_Sky_Blue.uasset" 402
"../../../Engine/Content/EngineSky/M_Sky_Panning_Clouds2.uasset" 403
"../../../Engine/Content/EngineSky/SM_SkySphere.uasset" 404
"../../../Engine/Content/EngineSky/C_Sky_Zenith_Color.uasset" 405
"../../../Engine/Content/EngineSky/C_Sky_Horizon_Color.uasset" 406
"../../../Engine/Content/EngineSky/C_Sky_Cloud_Color.uasset" 407
"../../../Engine/Content/EngineSky/BP_Sky_Sphere.uasset" 408
"../../../../GitHub/EpicMegaGameJam22/Content/PuzzleBP/Maps/PuzzleExampleMap.umap" 409
"../../../../GitHub/EpicMegaGameJam22/Content/Stylized_Egypt/Textures/stones_textures/T_stones_Normal.uasset" 410
"../../../../GitHub/EpicMegaGameJam22/Content/Stylized_Egypt/Textures/stones_textures/T_stones_BaseColor.uasset" 411
"../../../../GitHub/EpicMegaGameJam22/Content/Stylized_Egypt/Textures/stones_textures/T_moss_BaseColor.uasset" 412
"../../../Engine/Content/Functions/Engine_MaterialFunctions03/Blends/Blend_Overlay.uasset" 413
"../../../Engine/Content/Functions/Engine_MaterialFunctions01/AlphaBlend/WorldAlignedBlend.uasset" 414
"../../../../GitHub/EpicMegaGameJam22/Content/Stylized_Egypt/Materials/stones_materials/M_stones.uasset" 415
"../../../../GitHub/EpicMegaGameJam22/Content/Stylized_Egypt/Materials/stones_materials/MI_stones_01_Inst.uasset" 416
"../../../../GitHub/EpicMegaGameJam22/Content/Stylized_Egypt/Meshes/stones/SM_stone_07.uasset" 417
"../../../../GitHub/EpicMegaGameJam22/Content/Stylized_Egypt/Meshes/stones/SM_stone_05.uasset" 418
"../../../../GitHub/EpicMegaGameJam22/Content/Stylized_Egypt/Meshes/stones/SM_stone_04.uasset" 419
"../../../../GitHub/EpicMegaGameJam22/Content/Stylized_Egypt/Meshes/stones/SM_stone_02.uasset" 420
"../../../../GitHub/EpicMegaGameJam22/Content/Stylized_Egypt/Meshes/stones/SM_stone_01.uasset" 421
"../../../../GitHub/EpicMegaGameJam22/Content/Stylized_Egypt/Textures/props_textures/wood_box/T_wood_box_Normal.uasset" 422
"../../../../GitHub/EpicMegaGameJam22/Content/Stylized_Egypt/Textures/props_textures/wood_box/T_wood_box_BaseColor.uasset" 423
"../../../Engine/Content/Functions/Engine_MaterialFunctions01/Gradient/LinearGradient.uasset" 424
"../../../Engine/Content/Functions/Engine_MaterialFunctions01/ImageAdjustment/CheapContrast.uasset" 425
"../../../../GitHub/EpicMegaGameJam22/Content/Stylized_Egypt/Materials/props_materials/M_props.uasset" 426
"../../../../GitHub/EpicMegaGameJam22/Content/Stylized_Egypt/Materials/props_materials/MI_wood_box_01_Inst.uasset" 427
"../../../../GitHub/EpicMegaGameJam22/Content/Stylized_Egypt/Meshes/props/SM_wood_box_02.uasset" 428
"../../../../GitHub/EpicMegaGameJam22/Content/Stylized_Egypt/Meshes/props/SM_wood_box_01.uasset" 429
"../../../../GitHub/EpicMegaGameJam22/Content/Stylized_Egypt/Textures/props_textures/jug/T_jug_Normal.uasset" 430
"../../../../GitHub/EpicMegaGameJam22/Content/Stylized_Egypt/Textures/props_textures/jug/T_jug_BaseColor.uasset" 431
"../../../../GitHub/EpicMegaGameJam22/Content/Stylized_Egypt/Materials/props_materials/MI_jug_01_Inst.uasset" 432
"../../../../GitHub/EpicMegaGameJam22/Content/Stylized_Egypt/Meshes/props/SM_jug_broken_04.uasset" 433
"../../../../GitHub/EpicMegaGameJam22/Content/Stylized_Egypt/Meshes/props/SM_jug_broken_03.uasset" 434
"../../../../GitHub/EpicMegaGameJam22/Content/Stylized_Egypt/Meshes/props/SM_jug_04.uasset" 435
"../../../../GitHub/EpicMegaGameJam22/Content/Stylized_Egypt/Meshes/props/SM_jug_03.uasset" 436
"../../../../GitHub/EpicMegaGameJam22/Content/Stylized_Egypt/Meshes/props/SM_jug_02.uasset" 437
"../../../../GitHub/EpicMegaGameJam22/Content/Stylized_Egypt/Meshes/props/SM_jug_01.uasset" 438
"../../../../GitHub/EpicMegaGameJam22/Content/Stylized_Egypt/Textures/props_textures/egyptian_statue/T_egyptian_statue_01_Normal.uasset" 439
"../../../../GitHub/EpicMegaGameJam22/Content/Stylized_Egypt/Textures/props_textures/egyptian_statue/T_egyptian_statue_01_BaseColor.uasset" 440
"../../../../GitHub/EpicMegaGameJam22/Content/Stylized_Egypt/Materials/props_materials/M_egyptian_statue.uasset" 441
"../../../../GitHub/EpicMegaGameJam22/Content/Stylized_Egypt/Materials/props_materials/MI_egyptian_statue_01_Inst.uasset" 442
"../../../../GitHub/EpicMegaGameJam22/Content/Stylized_Egypt/Meshes/props/SM_egyptian_statue_01.uasset" 443
"../../../../GitHub/EpicMegaGameJam22/Content/Stylized_Egypt/Textures/plants_textures/T_vine_Normal.uasset" 444
"../../../../GitHub/EpicMegaGameJam22/Content/Stylized_Egypt/Textures/plants_textures/T_vine_BaseColor.uasset" 445
"../../../../GitHub/EpicMegaGameJam22/Content/Stylized_Egypt/Textures/plants_textures/T_plants_Mask.uasset" 446
"../../../../GitHub/EpicMegaGameJam22/Content/Stylized_Egypt/Textures/plants_textures/T_plants_Normal.uasset" 447
"../../../../GitHub/EpicMegaGameJam22/Content/Stylized_Egypt/Textures/plants_textures/T_plants_BaseColor.uasset" 448
"../../../Engine/Content/Functions/Engine_MaterialFunctions02/WorldPositionOffset/ObjectPivotPoint.uasset" 449
"../../../Engine/Content/Functions/Engine_MaterialFunctions01/WorldPositionOffset/SimpleGrassWind.uasset" 450
"../../../Engine/Content/Functions/Engine_MaterialFunctions01/Texturing/FlattenNormal.uasset" 451
"../../../../GitHub/EpicMegaGameJam22/Content/Stylized_Egypt/Materials/plants_materials/M_plants.uasset" 452
"../../../../GitHub/EpicMegaGameJam22/Content/Stylized_Egypt/Materials/plants_materials/MI_vine_01_Inst.uasset" 453
"../../../../GitHub/EpicMegaGameJam22/Content/Stylized_Egypt/Meshes/plants/SM_vine_05.uasset" 454
"../../../../GitHub/EpicMegaGameJam22/Content/Stylized_Egypt/Meshes/plants/SM_vine_04.uasset" 455
"../../../../GitHub/EpicMegaGameJam22/Content/Stylized_Egypt/Textures/building_textures/building_normal_maps/T_part_ornament_Normal.uasset" 456
"../../../../GitHub/EpicMegaGameJam22/Content/Stylized_Egypt/Textures/building_textures/T_part_ornament_MaskRGB.uasset" 457
"../../../../GitHub/EpicMegaGameJam22/Content/Stylized_Egypt/Textures/building_textures/base_textures/concrete/T_concrete_Normal.uasset" 458
"../../../../GitHub/EpicMegaGameJam22/Content/Stylized_Egypt/Textures/building_textures/base_textures/concrete/T_concrete_BaseColor.uasset" 459
"../../../Engine/Content/Functions/Engine_MaterialFunctions02/Utility/BlendAngleCorrectedNormals.uasset" 460
"../../../../GitHub/EpicMegaGameJam22/Content/Stylized_Egypt/Materials/building_materials/M_part_ornament.uasset" 461
"../../../../GitHub/EpicMegaGameJam22/Content/Stylized_Egypt/Materials/building_materials/MI_part_ornament_01_Inst.uasset" 462
"../../../../GitHub/EpicMegaGameJam22/Content/Stylized_Egypt/Meshes/building/SM_part_ornament_02.uasset" 463
"../../../../GitHub/EpicMegaGameJam22/Content/Stylized_Egypt/Textures/building_textures/building_normal_maps/T_building_01_Normal.uasset" 464
"../../../../GitHub/EpicMegaGameJam22/Content/Stylized_Egypt/Materials/building_materials/M_building_concrete.uasset" 465
"../../../../GitHub/EpicMegaGameJam22/Content/Stylized_Egypt/Materials/building_materials/MI_building_concrete_01_Inst.uasset" 466
"../../../../GitHub/EpicMegaGameJam22/Content/Stylized_Egypt/Meshes/building/SM_building_part_03.uasset" 467
"../../../../GitHub/EpicMegaGameJam22/Content/Stylized_Egypt/Meshes/building/SM_building_border_02.uasset" 468
"../../../../GitHub/EpicMegaGameJam22/Content/Stylized_Egypt/Textures/building_textures/building_normal_maps/T_wooden_part_01_Normal.uasset" 469
"../../../../GitHub/EpicMegaGameJam22/Content/Stylized_Egypt/Textures/building_textures/base_textures/wood_01/T_wood_01_Normal.uasset" 470
"../../../../GitHub/EpicMegaGameJam22/Content/Stylized_Egypt/Textures/building_textures/base_textures/wood_01/T_wood_01_BaseColor.uasset" 471
"../../../../GitHub/EpicMegaGameJam22/Content/Stylized_Egypt/Textures/building_textures/building_normal_maps/T_building_02_Normal.uasset" 472
"../../../Engine/Content/Functions/Engine_MaterialFunctions02/Texturing/CustomRotator.uasset" 473
"../../../../GitHub/EpicMegaGameJam22/Content/Stylized_Egypt/Materials/building_materials/M_building_wood.uasset" 474
"../../../../GitHub/EpicMegaGameJam22/Content/Stylized_Egypt/Materials/building_materials/MI_building_wood_01_Inst.uasset" 475
"../../../../GitHub/EpicMegaGameJam22/Content/Stylized_Egypt/Materials/building_materials/MI_building_wood_02_Inst.uasset" 476
"../../../../GitHub/EpicMegaGameJam22/Content/Stylized_Egypt/Meshes/building/SM_wooden_window_01.uasset" 477
"../../../../GitHub/EpicMegaGameJam22/Content/Stylized_Egypt/Textures/building_textures/base_textures/concrete_paint/T_concrete_paint_Normal.uasset" 478
"../../../../GitHub/EpicMegaGameJam22/Content/Stylized_Egypt/Textures/building_textures/base_textures/concrete_paint/T_concrete_paint_BaseColor.uasset" 479
"../../../../GitHub/EpicMegaGameJam22/Content/Stylized_Egypt/Textures/decals_textures/T_decal_pattern_07_Mask.uasset" 480
"../../../../GitHub/EpicMegaGameJam22/Content/Stylized_Egypt/Textures/landscape_textures/sand/T_sand_Normal.uasset" 481
"../../../../GitHub/EpicMegaGameJam22/Content/Stylized_Egypt/Textures/landscape_textures/sand/T_sand_BaseColor.uasset" 482
"../../../../GitHub/EpicMegaGameJam22/Content/Stylized_Egypt/Materials/building_materials/base_materials/M_concrete_paint.uasset" 483
"../../../../GitHub/EpicMegaGameJam22/Content/Stylized_Egypt/Textures/building_textures/base_textures/brick_01/T_brick_01_Normal.uasset" 484
"../../../../GitHub/EpicMegaGameJam22/Content/Stylized_Egypt/Textures/building_textures/base_textures/brick_01/T_brick_01_BaseColor.uasset" 485
"../../../../GitHub/EpicMegaGameJam22/Content/Stylized_Egypt/Materials/building_materials/base_materials/MI_concrete_paint_01_Inst.uasset" 486
"../../../../GitHub/EpicMegaGameJam22/Content/Stylized_Egypt/Meshes/building/SM_wall_corner_02.uasset" 487
"../../../../GitHub/EpicMegaGameJam22/Content/Stylized_Egypt/Meshes/building/SM_wall_corner_01.uasset" 488
"../../../../GitHub/EpicMegaGameJam22/Content/Stylized_Egypt/Meshes/building/SM_wall_05.uasset" 489
"../../../../GitHub/EpicMegaGameJam22/Content/Stylized_Egypt/Meshes/building/SM_wall_04.uasset" 490
"../../../../GitHub/EpicMegaGameJam22/Content/Stylized_Egypt/Textures/building_textures/base_textures/wooden_board_01/T_wooden_board_01_Normal.uasset" 491
"../../../../GitHub/EpicMegaGameJam22/Content/Stylized_Egypt/Textures/building_textures/base_textures/wooden_board_01/T_wooden_board_01_BaseColor.uasset" 492
"../../../../GitHub/EpicMegaGameJam22/Content/Stylized_Egypt/Materials/building_materials/base_materials/MI_wooden_board_01_Inst.uasset" 493
"../../../../GitHub/EpicMegaGameJam22/Content/Stylized_Egypt/Meshes/building/SM_floor_01.uasset" 494
"../../../../GitHub/EpicMegaGameJam22/Content/Stylized_Egypt/Textures/building_textures/base_textures/metal/T_metal_Roughness.uasset" 495
"../../../../GitHub/EpicMegaGameJam22/Content/Stylized_Egypt/Textures/building_textures/base_textures/metal/T_metal_Normal.uasset" 496
"../../../../GitHub/EpicMegaGameJam22/Content/Stylized_Egypt/Textures/building_textures/building_normal_maps/T_wooden_part_02_Normal.uasset" 497
"../../../../GitHub/EpicMegaGameJam22/Content/Stylized_Egypt/Materials/building_materials/base_materials/M_metal.uasset" 498
"../../../../GitHub/EpicMegaGameJam22/Content/Stylized_Egypt/Materials/building_materials/base_materials/MI_metal_A_Inst.uasset" 499
"../../../../GitHub/EpicMegaGameJam22/Content/Stylized_Egypt/Materials/building_materials/base_materials/MI_metal_B_Inst.uasset" 500
"../../../../GitHub/EpicMegaGameJam22/Content/Stylized_Egypt/Materials/building_materials/MI_building_wood_04_Inst.uasset" 501
"../../../../GitHub/EpicMegaGameJam22/Content/Stylized_Egypt/Materials/building_materials/MI_building_wood_05_Inst.uasset" 502
"../../../../GitHub/EpicMegaGameJam22/Content/Stylized_Egypt/Meshes/building/SM_door_03.uasset" 503
"../../../../GitHub/EpicMegaGameJam22/Content/Stylized_Egypt/Meshes/building/SM_building_part_05.uasset" 504
"../../../../GitHub/EpicMegaGameJam22/Content/Prefabs/Buildings/BuildingSmall.uasset" 505
"../../../../GitHub/EpicMegaGameJam22/Content/Stylized_Egypt/Meshes/building/SM_building_border_01.uasset" 506
"../../../../GitHub/EpicMegaGameJam22/Content/Stylized_Egypt/Textures/landscape_textures/tile/T_tile_Normal.uasset" 507
"../../../../GitHub/EpicMegaGameJam22/Content/Stylized_Egypt/Textures/landscape_textures/tile/T_tile_Height.uasset" 508
"../../../../GitHub/EpicMegaGameJam22/Content/Stylized_Egypt/Textures/landscape_textures/tile/T_tile_BaseColor.uasset" 509
"../../../../GitHub/EpicMegaGameJam22/Content/Stylized_Egypt/Textures/landscape_textures/cliff/T_cliff_Normal.uasset" 510
"../../../../GitHub/EpicMegaGameJam22/Content/Stylized_Egypt/Textures/landscape_textures/cliff/T_cliff_BaseColor.uasset" 511
"../../../../GitHub/EpicMegaGameJam22/Content/Stylized_Egypt/Materials/landscape_materials/layers/MF_layer_03.uasset" 512
"../../../../GitHub/EpicMegaGameJam22/Content/Stylized_Egypt/Materials/landscape_materials/layers/MF_layer_02.uasset" 513
"../../../Engine/Content/Functions/Engine_MaterialFunctions02/Texturing/WorldPositionWithScale.uasset" 514
"../../../../GitHub/EpicMegaGameJam22/Content/Stylized_Egypt/Materials/landscape_materials/functions/MF_triplanar_normal.uasset" 515
"../../../../GitHub/EpicMegaGameJam22/Content/Stylized_Egypt/Materials/landscape_materials/functions/MF_triplanar_basecolor.uasset" 516
"../../../../GitHub/EpicMegaGameJam22/Content/Stylized_Egypt/Materials/landscape_materials/layers/MF_layer_01.uasset" 517
"../../../../GitHub/EpicMegaGameJam22/Content/Stylized_Egypt/Materials/landscape_materials/layers/MF_auto.uasset" 518
"../../../../GitHub/EpicMegaGameJam22/Content/Stylized_Egypt/Materials/landscape_materials/M_landscape_material.uasset" 519
"../../../../GitHub/EpicMegaGameJam22/Content/Levels/LayerInfos/layer_03_LayerInfo.uasset" 520
"../../../../GitHub/EpicMegaGameJam22/Content/Levels/LayerInfos/layer_02_LayerInfo.uasset" 521
"../../../../GitHub/EpicMegaGameJam22/Content/Levels/LayerInfos/layer_01_LayerInfo.uasset" 522
"../../../../GitHub/EpicMegaGameJam22/Content/Levels/LayerInfos/auto_LayerInfo.uasset" 523
"../../../../GitHub/EpicMegaGameJam22/Content/Stylized_Egypt/Meshes/plants/SM_vine_03.uasset" 524
"../../../../GitHub/EpicMegaGameJam22/Content/Stylized_Egypt/Meshes/plants/SM_vine_01.uasset" 525
"../../../../GitHub/EpicMegaGameJam22/Content/Stylized_Egypt/Textures/plants_textures/T_tree_01_Normal.uasset" 526
"../../../../GitHub/EpicMegaGameJam22/Content/Stylized_Egypt/Textures/plants_textures/T_tree_01_BaseColor.uasset" 527
"../../../../GitHub/EpicMegaGameJam22/Content/Stylized_Egypt/Materials/plants_materials/M_tree.uasset" 528
"../../../../GitHub/EpicMegaGameJam22/Content/Stylized_Egypt/Materials/plants_materials/MI_tree_01_Inst.uasset" 529
"../../../../GitHub/EpicMegaGameJam22/Content/Stylized_Egypt/Materials/plants_materials/MI_plants_01_Inst.uasset" 530
"../../../../GitHub/EpicMegaGameJam22/Content/Stylized_Egypt/Meshes/plants/SM_tree_01.uasset" 531
"../../../../GitHub/EpicMegaGameJam22/Content/Stylized_Egypt/Materials/plants_materials/MI_plants_02_Inst.uasset" 532
"../../../../GitHub/EpicMegaGameJam22/Content/Stylized_Egypt/Meshes/plants/SM_grass.uasset" 533
"../../../../GitHub/EpicMegaGameJam22/Content/Stylized_Egypt/Meshes/plants/SM_bush_03.uasset" 534
"../../../../GitHub/EpicMegaGameJam22/Content/Stylized_Egypt/Meshes/plants/SM_bush_02.uasset" 535
"../../../../GitHub/EpicMegaGameJam22/Content/Stylized_Egypt/Meshes/plants/SM_bush_01.uasset" 536
"../../../../GitHub/EpicMegaGameJam22/Content/Stylized_Egypt/Meshes/building/SM_wooden_boards_04.uasset" 537
"../../../../GitHub/EpicMegaGameJam22/Content/Stylized_Egypt/Meshes/building/SM_wooden_beam_01.uasset" 538
"../../../../GitHub/EpicMegaGameJam22/Content/Stylized_Egypt/Meshes/building/SM_wall_corner_06.uasset" 539
"../../../../GitHub/EpicMegaGameJam22/Content/Stylized_Egypt/Textures/building_textures/base_textures/concrete_slab/T_concrete_slab_Normal.uasset" 540
"../../../../GitHub/EpicMegaGameJam22/Content/Stylized_Egypt/Textures/building_textures/base_textures/concrete_slab/T_concrete_slab_BaseColor.uasset" 541
"../../../../GitHub/EpicMegaGameJam22/Content/Stylized_Egypt/Materials/building_materials/base_materials/MI_concrete_slab_Inst.uasset" 542
"../../../../GitHub/EpicMegaGameJam22/Content/Stylized_Egypt/Meshes/building/SM_wall_12.uasset" 543
"../../../../GitHub/EpicMegaGameJam22/Content/Stylized_Egypt/Textures/building_textures/base_textures/wooden_board_02/T_wooden_board_02_Normal.uasset" 544
"../../../../GitHub/EpicMegaGameJam22/Content/Stylized_Egypt/Textures/building_textures/base_textures/wooden_board_02/T_wooden_board_02_BaseColor.uasset" 545
"../../../../GitHub/EpicMegaGameJam22/Content/Stylized_Egypt/Materials/building_materials/base_materials/MI_wooden_board_02_A_Inst.uasset" 546
"../../../../GitHub/EpicMegaGameJam22/Content/Stylized_Egypt/Materials/building_materials/base_materials/MI_wooden_board_02_B_Inst.uasset" 547
"../../../../GitHub/EpicMegaGameJam22/Content/Stylized_Egypt/Meshes/building/SM_wall_11.uasset" 548
"../../../../GitHub/EpicMegaGameJam22/Content/Stylized_Egypt/Textures/building_textures/base_textures/wood_02/T_wood_02_Normal.uasset" 549
"../../../../GitHub/EpicMegaGameJam22/Content/Stylized_Egypt/Textures/building_textures/base_textures/wood_02/T_wood_02_BaseColor.uasset" 550
"../../../../GitHub/EpicMegaGameJam22/Content/Stylized_Egypt/Materials/building_materials/base_materials/MI_wood_01_Inst.uasset" 551
"../../../../GitHub/EpicMegaGameJam22/Content/Stylized_Egypt/Meshes/building/SM_stairs_02.uasset" 552
"../../../../GitHub/EpicMegaGameJam22/Content/Stylized_Egypt/Meshes/building/SM_stairs_01.uasset" 553
"../../../../GitHub/EpicMegaGameJam22/Content/Stylized_Egypt/Meshes/building/SM_roof_dome_01.uasset" 554
"../../../../GitHub/EpicMegaGameJam22/Content/Stylized_Egypt/Textures/building_textures/pyramid_textures/T_pyramid_Normal.uasset" 555
"../../../../GitHub/EpicMegaGameJam22/Content/Stylized_Egypt/Textures/building_textures/pyramid_textures/T_pyramid_Mask.uasset" 556
"../../../../GitHub/EpicMegaGameJam22/Content/Stylized_Egypt/Textures/building_textures/pyramid_textures/T_noise_pyramid_Normal.uasset" 557
"../../../../GitHub/EpicMegaGameJam22/Content/Stylized_Egypt/Materials/building_materials/M_pyramid.uasset" 558
"../../../../GitHub/EpicMegaGameJam22/Content/Stylized_Egypt/Materials/building_materials/MI_pyramid_Inst.uasset" 559
"../../../../GitHub/EpicMegaGameJam22/Content/Stylized_Egypt/Meshes/building/SM_pyramid_01.uasset" 560
"../../../../GitHub/EpicMegaGameJam22/Content/Stylized_Egypt/Meshes/building/SM_part_ornament_03.uasset" 561
"../../../../GitHub/EpicMegaGameJam22/Content/Stylized_Egypt/Materials/building_materials/base_materials/MI_concrete_paint_02_Inst.uasset" 562
"../../../../GitHub/EpicMegaGameJam22/Content/Stylized_Egypt/Meshes/building/SM_entry_pyramid_02.uasset" 563
"../../../../GitHub/EpicMegaGameJam22/Content/Stylized_Egypt/Materials/building_materials/base_materials/MI_wood_02_Inst.uasset" 564
"../../../../GitHub/EpicMegaGameJam22/Content/Stylized_Egypt/Textures/building_textures/base_textures/floor_tile/T_floor_tile_Normal.uasset" 565
"../../../../GitHub/EpicMegaGameJam22/Content/Stylized_Egypt/Textures/building_textures/base_textures/floor_tile/T_floor_tile_BaseColor.uasset" 566
"../../../../GitHub/EpicMegaGameJam22/Content/Stylized_Egypt/Materials/building_materials/base_materials/MI_floor_tile_01_Inst.uasset" 567
"../../../../GitHub/EpicMegaGameJam22/Content/Stylized_Egypt/Meshes/building/SM_entry_pyramid_01.uasset" 568
"../../../../GitHub/EpicMegaGameJam22/Content/Stylized_Egypt/Meshes/building/SM_building_part_08.uasset" 569
"../../../../GitHub/EpicMegaGameJam22/Content/Stylized_Egypt/Meshes/building/SM_building_part_07.uasset" 570
"../../../../GitHub/EpicMegaGameJam22/Content/Stylized_Egypt/Meshes/building/SM_building_part_06.uasset" 571
"../../../../GitHub/EpicMegaGameJam22/Content/Stylized_Egypt/Meshes/building/SM_building_column_01.uasset" 572
"../../../../GitHub/EpicMegaGameJam22/Content/Stylized_Egypt/Textures/building_textures/building_normal_maps/T_block_Normal.uasset" 573
"../../../../GitHub/EpicMegaGameJam22/Content/Stylized_Egypt/Materials/building_materials/M_block.uasset" 574
"../../../../GitHub/EpicMegaGameJam22/Content/Stylized_Egypt/Materials/building_materials/MI_block_01_Inst.uasset" 575
"../../../../GitHub/EpicMegaGameJam22/Content/Stylized_Egypt/Meshes/building/SM_block_09.uasset" 576
"../../../../GitHub/EpicMegaGameJam22/Content/Stylized_Egypt/Meshes/building/SM_block_07.uasset" 577
"../../../../GitHub/EpicMegaGameJam22/Content/Stylized_Egypt/Meshes/building/SM_block_06.uasset" 578
"../../../../GitHub/EpicMegaGameJam22/Content/Stylized_Egypt/Meshes/building/SM_block_05.uasset" 579
"../../../../GitHub/EpicMegaGameJam22/Content/Stylized_Egypt/Meshes/building/SM_block_04.uasset" 580
"../../../../GitHub/EpicMegaGameJam22/Content/Stylized_Egypt/Meshes/building/SM_block_01.uasset" 581
"../../../../GitHub/EpicMegaGameJam22/Content/Stylized_Egypt/Textures/decals_textures/T_decal_dirt_01_Mask.uasset" 582
"../../../../GitHub/EpicMegaGameJam22/Content/Stylized_Egypt/Materials/decals_materials/M_decal_dirt.uasset" 583
"../../../../GitHub/EpicMegaGameJam22/Content/Stylized_Egypt/Textures/decals_textures/T_decal_pattern_02_Mask.uasset" 584
"../../../../GitHub/EpicMegaGameJam22/Content/Stylized_Egypt/Materials/decals_materials/MI_decal_pattern_05_Inst.uasset" 585
"../../../../GitHub/EpicMegaGameJam22/Content/Stylized_Egypt/Textures/decals_textures/T_decal_pattern_01_Mask.uasset" 586
"../../../../GitHub/EpicMegaGameJam22/Content/Stylized_Egypt/Materials/decals_materials/MI_decal_pattern_01_Inst.uasset" 587
"../../../../GitHub/EpicMegaGameJam22/Content/Stylized_Egypt/Materials/decals_materials/MI_decal_pattern_02_Inst.uasset" 588
"../../../../GitHub/EpicMegaGameJam22/Content/Stylized_Egypt/Textures/decals_textures/T_decal_pattern_06_Mask.uasset" 589
"../../../../GitHub/EpicMegaGameJam22/Content/Stylized_Egypt/Textures/decals_textures/T_decal_pattern_04_Mask.uasset" 590
"../../../../GitHub/EpicMegaGameJam22/Content/Stylized_Egypt/Materials/decals_materials/M_decal_ornament.uasset" 591
"../../../../GitHub/EpicMegaGameJam22/Content/Stylized_Egypt/Materials/decals_materials/MI_decal_ornament_01_Inst.uasset" 592
"../../../../GitHub/EpicMegaGameJam22/Content/Stylized_Egypt/Textures/decals_textures/T_decal_pattern_05_Mask.uasset" 593
"../../../../GitHub/EpicMegaGameJam22/Content/Stylized_Egypt/Materials/decals_materials/MI_decal_ornament_03_Inst.uasset" 594
"../../../../GitHub/EpicMegaGameJam22/Content/Stylized_Egypt/Materials/decals_materials/MI_decal_ornament_04_Inst.uasset" 595
"../../../../GitHub/EpicMegaGameJam22/Content/Stylized_Egypt/Textures/decals_textures/T_decal_hieroglyphs_01_Normal.uasset" 596
"../../../../GitHub/EpicMegaGameJam22/Content/Stylized_Egypt/Textures/decals_textures/T_decal_hieroglyphs_01_Mask.uasset" 597
"../../../../GitHub/EpicMegaGameJam22/Content/Stylized_Egypt/Materials/decals_materials/M_decal_hieroglyphs.uasset" 598
"../../../../GitHub/EpicMegaGameJam22/Content/Levels/MainLevel_BuiltData.uasset" 599
"../../../../GitHub/EpicMegaGameJam22/Content/StarterContent/Textures/T_Smoke_Tiled_D.uasset" 600
"../../../../GitHub/EpicMegaGameJam22/Content/StarterContent/Textures/T_Smoke_SubUV.uasset" 601
"../../../../GitHub/EpicMegaGameJam22/Content/StarterContent/Particles/Materials/M_smoke_subUV.uasset" 602
"../../../../GitHub/EpicMegaGameJam22/Content/StarterContent/Particles/P_Smoke.uasset" 603
"../../../../GitHub/EpicMegaGameJam22/Content/Prefabs/Buildings/BuildingMedium.uasset" 604
"../../../Engine/Content/Functions/Engine_MaterialFunctions01/Density/ExponentialDensity.uasset" 605
"../../../Engine/Content/Functions/Engine_MaterialFunctions01/Gradient/RadialGradientExponential.uasset" 606
"../../../../GitHub/EpicMegaGameJam22/Content/TopDownBP/Blueprints/M_Cursor_Decal.uasset" 607
"../../../../GitHub/EpicMegaGameJam22/Content/Mannequin/Character/Mesh/SK_Mannequin_PhysicsAsset.uasset" 608
"../../../../GitHub/EpicMegaGameJam22/Content/Mannequin/Character/Textures/T_UE4Logo_N.uasset" 609
"../../../../GitHub/EpicMegaGameJam22/Content/Mannequin/Character/Textures/T_UE4Logo_Mask.uasset" 610
"../../../../GitHub/EpicMegaGameJam22/Content/Mannequin/Character/Textures/T_Male_N.uasset" 611
"../../../../GitHub/EpicMegaGameJam22/Content/Mannequin/Character/Textures/T_Male_Mask.uasset" 612
"../../../../GitHub/EpicMegaGameJam22/Content/Mannequin/Character/Materials/MaterialLayers/T_ML_Rubber_Blue_01_N.uasset" 613
"../../../../GitHub/EpicMegaGameJam22/Content/Mannequin/Character/Materials/MaterialLayers/T_ML_Rubber_Blue_01_D.uasset" 614
"../../../../GitHub/EpicMegaGameJam22/Content/Mannequin/Character/Materials/MaterialLayers/T_ML_Aluminum01_N.uasset" 615
"../../../../GitHub/EpicMegaGameJam22/Content/Mannequin/Character/Materials/MaterialLayers/T_ML_Aluminum01.uasset" 616
"../../../../GitHub/EpicMegaGameJam22/Content/Mannequin/Character/Materials/MaterialLayers/ML_SoftMetal_UE4.uasset" 617
"../../../../GitHub/EpicMegaGameJam22/Content/Mannequin/Character/Materials/MaterialLayers/ML_Plastic_Shiny_Beige_LOGO.uasset" 618
"../../../../GitHub/EpicMegaGameJam22/Content/Mannequin/Character/Materials/MaterialLayers/ML_Plastic_Shiny_Beige.uasset" 619
"../../../../GitHub/EpicMegaGameJam22/Content/Mannequin/Character/Materials/MaterialLayers/ML_GlossyBlack_Latex_UE4.uasset" 620
"../../../Engine/Content/Functions/MaterialLayerFunctions/MatLayerBlend_Simple.uasset" 621
"../../../Engine/Content/Functions/MaterialLayerFunctions/MatLayerBlend_NormalBlend.uasset" 622
"../../../../GitHub/EpicMegaGameJam22/Content/Mannequin/Character/Materials/M_Male_Body.uasset" 623
"../../../../GitHub/EpicMegaGameJam22/Content/Mannequin/Character/Materials/M_UE4Man_ChestLogo.uasset" 624
"../../../../GitHub/EpicMegaGameJam22/Content/Mannequin/Character/Mesh/UE4_Mannequin_Skeleton.uasset" 625
"../../../../GitHub/EpicMegaGameJam22/Content/Mannequin/Character/Mesh/SK_Mannequin.uasset" 626
"../../../../GitHub/EpicMegaGameJam22/Content/Mannequin/Animations/ThirdPersonWalk.uasset" 627
"../../../../GitHub/EpicMegaGameJam22/Content/Mannequin/Animations/ThirdPersonRun.uasset" 628
"../../../../GitHub/EpicMegaGameJam22/Content/Mannequin/Animations/ThirdPersonIdle.uasset" 629
"../../../../GitHub/EpicMegaGameJam22/Content/Mannequin/Animations/ThirdPerson_IdleRun_2D.uasset" 630
"../../../../GitHub/EpicMegaGameJam22/Content/Mannequin/Animations/ThirdPerson_Jump.uasset" 631
"../../../../GitHub/EpicMegaGameJam22/Content/Mannequin/Animations/ThirdPersonJump_Start.uasset" 632
"../../../../GitHub/EpicMegaGameJam22/Content/Mannequin/Animations/ThirdPersonJump_Loop.uasset" 633
"../../../../GitHub/EpicMegaGameJam22/Content/Mannequin/Animations/ThirdPerson_AnimBP.uasset" 634
"../../../../GitHub/EpicMegaGameJam22/Content/TopDownBP/Blueprints/TopDownCharacter.uasset" 635
"../../../../GitHub/EpicMegaGameJam22/Content/Fonts/Pegypta_Font.uasset" 636
"../../../../GitHub/EpicMegaGameJam22/Content/Fonts/FontMat.uasset" 637
"../../../../GitHub/EpicMegaGameJam22/Content/Decals/decal.uasset" 638
"../../../../GitHub/EpicMegaGameJam22/Content/Decals/testcard_Mat.uasset" 639
"../../../../GitHub/EpicMegaGameJam22/Content/Decals/TestCard01.uasset" 640
"../../../Engine/Content/EngineMaterials/WeightMapPlaceholderTexture.uasset" 641
"../../../../GitHub/EpicMegaGameJam22/Content/Prefabs/Meshes/gridMat.uasset" 642
"../../../../GitHub/EpicMegaGameJam22/Content/Levels/MainLevel.umap" 643
